2022-10-15 17:46:07,560 [INFO] Activator:177 - 


2022-10-15 17:46:07,563 [INFO] Activator:178 - !SESSION log4j initialized
2022-10-15 17:46:30,319 [INFO] McuFinderGlobals:39 - Set McuFinder mode to 2 (CubeIDE integrated)
2022-10-15 17:46:30,770 [INFO] ApplicationProperties:181 - Using Application install path: C:\ST\STM32CubeIDE_1.7.0\STM32CubeIDE\plugins\com.st.stm32cube.common.mx_6.3.0.202107141111
2022-10-15 17:46:30,786 [INFO] DbMcusXml:74 - Set database path to: C:\ST\STM32CubeIDE_1.7.0\STM32CubeIDE\plugins\com.st.stm32cube.common.mx_6.3.0.202107141111\\db\/mcu/
2022-10-15 17:46:30,792 [INFO] DbBoardsPdsc:56 - Set plugin database path to: C:\ST\STM32CubeIDE_1.7.0\STM32CubeIDE\plugins\com.st.stm32cube.common.mx_6.3.0.202107141111\\db\/plugins/boardmanager/
2022-10-15 17:46:30,792 [INFO] DbMcus:258 - Set plugin images path to: C:\ST\STM32CubeIDE_1.7.0\STM32CubeIDE\plugins\com.st.stm32cube.common.mx_6.3.0.202107141111\\db\/plugins/mcufinder/images/
2022-10-15 17:46:30,792 [INFO] DbBoards:264 - Set plugin images path to: C:\ST\STM32CubeIDE_1.7.0\STM32CubeIDE\plugins\com.st.stm32cube.common.mx_6.3.0.202107141111\\db\/plugins/mcufinder/images/
2022-10-15 17:46:30,795 [INFO] DbExamples:333 - Set plugin images path to: C:\ST\STM32CubeIDE_1.7.0\STM32CubeIDE\plugins\com.st.stm32cube.common.mx_6.3.0.202107141111\\db\/plugins/mcufinder/images/
2022-10-15 17:46:30,811 [INFO] DbMcusAds:119 - Set database path to: C:\Users\HP\.stmcufinder\plugins\mcufinder//mcu/
2022-10-15 17:46:30,812 [INFO] DbMcusDocs:110 - Set database path to: C:\Users\HP\.stmcufinder\plugins\mcufinder//mcu/
2022-10-15 17:46:30,815 [INFO] DbMcusJson:64 - Set database path to: C:\Users\HP\.stmcufinder\plugins\mcufinder//mcu/
2022-10-15 17:46:30,815 [INFO] DbBoardsDocs:110 - Set database path to: C:\Users\HP\.stmcufinder\plugins\mcufinder//mcu/
2022-10-15 17:46:30,817 [INFO] DbBoardsJson:57 - Set database path to: C:\Users\HP\.stmcufinder\plugins\mcufinder//mcu/
2022-10-15 17:46:30,837 [INFO] CrossReferenceDbSqlite:196 - Set database path to: C:\Users\HP\.stmcufinder\plugins\mcufinder//mcu/cs/
2022-10-15 17:46:30,841 [INFO] DbExamplesSqlite:767 - Set database path to: C:\Users\HP\.stmcufinder\plugins\mcufinder//mcu/
2022-10-15 17:46:30,985 [INFO] RulesReader:57 - Compatibility file has been processed (242 Rules)
2022-10-15 17:46:31,111 [INFO] DbMcusXml:74 - Set database path to: C:\ST\STM32CubeIDE_1.7.0\STM32CubeIDE\plugins\com.st.stm32cube.common.mx_6.3.0.202107141111\\db\/mcu/
2022-10-15 17:46:31,112 [INFO] DbBoardsPdsc:56 - Set plugin database path to: C:\ST\STM32CubeIDE_1.7.0\STM32CubeIDE\plugins\com.st.stm32cube.common.mx_6.3.0.202107141111\\db\/plugins/boardmanager/
2022-10-15 17:46:31,114 [INFO] DbMcus:258 - Set plugin images path to: C:\ST\STM32CubeIDE_1.7.0\STM32CubeIDE\plugins\com.st.stm32cube.common.mx_6.3.0.202107141111\\db\/plugins/mcufinder/images/
2022-10-15 17:46:31,114 [INFO] DbBoards:264 - Set plugin images path to: C:\ST\STM32CubeIDE_1.7.0\STM32CubeIDE\plugins\com.st.stm32cube.common.mx_6.3.0.202107141111\\db\/plugins/mcufinder/images/
2022-10-15 17:46:31,114 [INFO] DbExamples:333 - Set plugin images path to: C:\ST\STM32CubeIDE_1.7.0\STM32CubeIDE\plugins\com.st.stm32cube.common.mx_6.3.0.202107141111\\db\/plugins/mcufinder/images/
2022-10-15 17:46:31,114 [WARN] DbFile:35 - Overriding database path with different value: C:\Users\HP\.stmcufinder\plugins\mcufinder/ => C:\Users\HP\.stmcufinder\plugins\mcufinder
2022-10-15 17:46:31,114 [INFO] DbMcusAds:119 - Set database path to: C:\Users\HP\.stmcufinder\plugins\mcufinder//mcu/
2022-10-15 17:46:31,114 [WARN] DbFile:35 - Overriding database path with different value: C:\Users\HP\.stmcufinder\plugins\mcufinder/ => C:\Users\HP\.stmcufinder\plugins\mcufinder
2022-10-15 17:46:31,115 [INFO] DbMcusDocs:110 - Set database path to: C:\Users\HP\.stmcufinder\plugins\mcufinder//mcu/
2022-10-15 17:46:31,115 [WARN] DbFile:35 - Overriding database path with different value: C:\Users\HP\.stmcufinder\plugins\mcufinder/ => C:\Users\HP\.stmcufinder\plugins\mcufinder
2022-10-15 17:46:31,115 [INFO] DbMcusJson:64 - Set database path to: C:\Users\HP\.stmcufinder\plugins\mcufinder//mcu/
2022-10-15 17:46:31,115 [WARN] DbFile:35 - Overriding database path with different value: C:\Users\HP\.stmcufinder\plugins\mcufinder/ => C:\Users\HP\.stmcufinder\plugins\mcufinder
2022-10-15 17:46:31,115 [INFO] DbBoardsDocs:110 - Set database path to: C:\Users\HP\.stmcufinder\plugins\mcufinder//mcu/
2022-10-15 17:46:31,115 [WARN] DbFile:35 - Overriding database path with different value: C:\Users\HP\.stmcufinder\plugins\mcufinder/ => C:\Users\HP\.stmcufinder\plugins\mcufinder
2022-10-15 17:46:31,115 [INFO] DbBoardsJson:57 - Set database path to: C:\Users\HP\.stmcufinder\plugins\mcufinder//mcu/
2022-10-15 17:46:31,115 [WARN] DbFile:35 - Overriding database path with different value: C:\Users\HP\.stmcufinder\plugins\mcufinder/ => C:\Users\HP\.stmcufinder\plugins\mcufinder
2022-10-15 17:46:31,115 [WARN] DbFile:35 - Overriding database path with different value: C:\Users\HP\.stmcufinder\plugins\mcufinder/ => C:\Users\HP\.stmcufinder\plugins\mcufinder
2022-10-15 17:46:31,116 [INFO] CrossReferenceDbSqlite:196 - Set database path to: C:\Users\HP\.stmcufinder\plugins\mcufinder//mcu/cs/
2022-10-15 17:46:31,116 [WARN] DbFile:35 - Overriding database path with different value: C:\Users\HP\.stmcufinder\plugins\mcufinder/ => C:\Users\HP\.stmcufinder\plugins\mcufinder
2022-10-15 17:46:31,116 [INFO] DbExamplesSqlite:767 - Set database path to: C:\Users\HP\.stmcufinder\plugins\mcufinder//mcu/
2022-10-15 17:46:31,220 [INFO] MainPanel:214 - HeapMemory: 268435456
2022-10-15 17:46:31,362 [INFO] DbMcusXml:74 - Set database path to: C:\ST\STM32CubeIDE_1.7.0\STM32CubeIDE\plugins\com.st.stm32cube.common.mx_6.3.0.202107141111\\db\/mcu/
2022-10-15 17:46:31,362 [INFO] DbBoardsPdsc:56 - Set plugin database path to: C:\ST\STM32CubeIDE_1.7.0\STM32CubeIDE\plugins\com.st.stm32cube.common.mx_6.3.0.202107141111\\db\/plugins/boardmanager/
2022-10-15 17:46:31,362 [INFO] DbMcus:258 - Set plugin images path to: C:\ST\STM32CubeIDE_1.7.0\STM32CubeIDE\plugins\com.st.stm32cube.common.mx_6.3.0.202107141111\\db\/plugins/mcufinder/images/
2022-10-15 17:46:31,362 [INFO] DbBoards:264 - Set plugin images path to: C:\ST\STM32CubeIDE_1.7.0\STM32CubeIDE\plugins\com.st.stm32cube.common.mx_6.3.0.202107141111\\db\/plugins/mcufinder/images/
2022-10-15 17:46:31,362 [INFO] DbExamples:333 - Set plugin images path to: C:\ST\STM32CubeIDE_1.7.0\STM32CubeIDE\plugins\com.st.stm32cube.common.mx_6.3.0.202107141111\\db\/plugins/mcufinder/images/
2022-10-15 17:46:31,363 [WARN] DbFile:35 - Overriding database path with different value: C:\Users\HP\.stmcufinder\plugins\mcufinder/ => C:\Users\HP\.stmcufinder\plugins\mcufinder
2022-10-15 17:46:31,364 [INFO] DbMcusAds:119 - Set database path to: C:\Users\HP\.stmcufinder\plugins\mcufinder//mcu/
2022-10-15 17:46:31,364 [WARN] DbFile:35 - Overriding database path with different value: C:\Users\HP\.stmcufinder\plugins\mcufinder/ => C:\Users\HP\.stmcufinder\plugins\mcufinder
2022-10-15 17:46:31,364 [INFO] DbMcusDocs:110 - Set database path to: C:\Users\HP\.stmcufinder\plugins\mcufinder//mcu/
2022-10-15 17:46:31,364 [WARN] DbFile:35 - Overriding database path with different value: C:\Users\HP\.stmcufinder\plugins\mcufinder/ => C:\Users\HP\.stmcufinder\plugins\mcufinder
2022-10-15 17:46:31,364 [INFO] DbMcusJson:64 - Set database path to: C:\Users\HP\.stmcufinder\plugins\mcufinder//mcu/
2022-10-15 17:46:31,365 [WARN] DbFile:35 - Overriding database path with different value: C:\Users\HP\.stmcufinder\plugins\mcufinder/ => C:\Users\HP\.stmcufinder\plugins\mcufinder
2022-10-15 17:46:31,365 [INFO] DbBoardsDocs:110 - Set database path to: C:\Users\HP\.stmcufinder\plugins\mcufinder//mcu/
2022-10-15 17:46:31,365 [WARN] DbFile:35 - Overriding database path with different value: C:\Users\HP\.stmcufinder\plugins\mcufinder/ => C:\Users\HP\.stmcufinder\plugins\mcufinder
2022-10-15 17:46:31,365 [INFO] DbBoardsJson:57 - Set database path to: C:\Users\HP\.stmcufinder\plugins\mcufinder//mcu/
2022-10-15 17:46:31,365 [WARN] DbFile:35 - Overriding database path with different value: C:\Users\HP\.stmcufinder\plugins\mcufinder/ => C:\Users\HP\.stmcufinder\plugins\mcufinder
2022-10-15 17:46:31,365 [WARN] DbFile:35 - Overriding database path with different value: C:\Users\HP\.stmcufinder\plugins\mcufinder/ => C:\Users\HP\.stmcufinder\plugins\mcufinder
2022-10-15 17:46:31,365 [INFO] CrossReferenceDbSqlite:196 - Set database path to: C:\Users\HP\.stmcufinder\plugins\mcufinder//mcu/cs/
2022-10-15 17:46:31,366 [WARN] DbFile:35 - Overriding database path with different value: C:\Users\HP\.stmcufinder\plugins\mcufinder/ => C:\Users\HP\.stmcufinder\plugins\mcufinder
2022-10-15 17:46:31,366 [INFO] DbExamplesSqlite:767 - Set database path to: C:\Users\HP\.stmcufinder\plugins\mcufinder//mcu/
2022-10-15 17:46:31,399 [INFO] ApplicationProperties:181 - Using Application install path: C:\ST\STM32CubeIDE_1.7.0\STM32CubeIDE\plugins\com.st.stm32cube.common.mx_6.3.0.202107141111
2022-10-15 17:46:31,402 [INFO] PluginManage:188 - Search for loadable plugins [exclusion list=, ]
2022-10-15 17:46:31,405 [INFO] PluginManage:302 - Check plugin analytics
2022-10-15 17:46:36,626 [INFO] AnalyticsPlugin:257 - Accepted Software Licenses: 
2022-10-15 17:46:36,626 [INFO] AnalyticsPlugin:259 - Accepted CMSIS Pack Licenses: 
2022-10-15 17:46:36,627 [INFO] AnalyticsPlugin:261 - Accepted Firmware Licenses: 
2022-10-15 17:46:36,628 [INFO] PluginManage:352 - Loaded plugin analytics (category:tool,tabindex:-1)
2022-10-15 17:46:36,629 [INFO] PluginManage:302 - Check plugin clock
2022-10-15 17:46:36,665 [INFO] PluginManage:352 - Loaded plugin clock (category:base,tabindex:2)
2022-10-15 17:46:36,665 [INFO] PluginManage:302 - Check plugin ddr
2022-10-15 17:46:36,670 [INFO] PluginManage:352 - Loaded plugin ddr (category:tool,tabindex:6)
2022-10-15 17:46:36,671 [INFO] PluginManage:302 - Check plugin filemanager
2022-10-15 17:46:36,886 [INFO] PluginManage:352 - Loaded plugin filemanager (category:base,tabindex:10)
2022-10-15 17:46:36,886 [INFO] PluginManage:302 - Check plugin ipmanager
2022-10-15 17:46:36,900 [INFO] PluginManage:352 - Loaded plugin ipmanager (category:base,tabindex:5)
2022-10-15 17:46:36,900 [INFO] PluginManage:302 - Check plugin pinoutandconfiguration
2022-10-15 17:46:36,922 [INFO] PluginManage:352 - Loaded plugin pinoutandconfiguration (category:base,tabindex:1)
2022-10-15 17:46:36,922 [INFO] PluginManage:302 - Check plugin pinoutconfig
2022-10-15 17:46:36,976 [INFO] PluginManage:352 - Loaded plugin pinoutconfig (category:base,tabindex:0)
2022-10-15 17:46:36,977 [INFO] PluginManage:302 - Check plugin power
2022-10-15 17:46:37,006 [INFO] PluginManage:352 - Loaded plugin power (category:power,tabindex:4)
2022-10-15 17:46:37,006 [INFO] PluginManage:302 - Check plugin projectmanager
2022-10-15 17:46:37,035 [INFO] PluginManage:352 - Loaded plugin projectmanager (category:projectmanager,tabindex:3)
2022-10-15 17:46:37,035 [INFO] PluginManage:302 - Check plugin thirdparty
2022-10-15 17:46:37,353 [WARN] IntegrityCheckThread:78 - waiting for thirdparty lock release [integrity check]
2022-10-15 17:46:37,355 [INFO] IntegrityCheckThread:80 - entering critical section [integrity check]
2022-10-15 17:46:37,354 [INFO] PluginManage:352 - Loaded plugin thirdparty (category:base,tabindex:-1)
2022-10-15 17:46:37,355 [INFO] ThirdPartyUpdaterWithRetryManager:66 - Updater plugin not ready yet. [1/15]
2022-10-15 17:46:37,356 [INFO] PluginManage:302 - Check plugin tools
2022-10-15 17:46:37,430 [INFO] PluginManage:352 - Loaded plugin tools (category:base,tabindex:7)
2022-10-15 17:46:37,430 [INFO] PluginManage:302 - Check plugin tutovideos
2022-10-15 17:46:37,859 [INFO] PluginManage:352 - Loaded plugin tutovideos (category:base,tabindex:-1)
2022-10-15 17:46:37,860 [INFO] PluginManage:302 - Check plugin updater
2022-10-15 17:46:37,879 [INFO] PluginManage:352 - Loaded plugin updater (category:base,tabindex:12)
2022-10-15 17:46:37,879 [INFO] PluginManage:275 - PluginManage : Loaded plugins [13]
2022-10-15 17:46:38,198 [INFO] PinOutPanel:1463 - setPackage(No Configuration,No Configuration)
2022-10-15 17:46:38,349 [INFO] IPUIPlugin:74 - create IPUIPlugin
2022-10-15 17:46:38,349 [INFO] PluginManager:213 - loadIPPluginJar : add adc
2022-10-15 17:46:38,401 [INFO] IPUIPlugin:74 - create IPUIPlugin
2022-10-15 17:46:38,401 [INFO] PluginManager:213 - loadIPPluginJar : add aes
2022-10-15 17:46:38,455 [INFO] IPUIPlugin:74 - create IPUIPlugin
2022-10-15 17:46:38,455 [INFO] PluginManager:213 - loadIPPluginJar : add can
2022-10-15 17:46:38,487 [INFO] IPUIPlugin:74 - create IPUIPlugin
2022-10-15 17:46:38,487 [INFO] PluginManager:213 - loadIPPluginJar : add comp
2022-10-15 17:46:38,545 [INFO] IPUIPlugin:74 - create IPUIPlugin
2022-10-15 17:46:38,547 [INFO] PluginManager:213 - loadIPPluginJar : add cryp
2022-10-15 17:46:38,608 [INFO] IPUIPlugin:74 - create IPUIPlugin
2022-10-15 17:46:38,608 [INFO] PluginManager:213 - loadIPPluginJar : add dfsdm
2022-10-15 17:46:38,633 [INFO] IPUIPlugin:74 - create IPUIPlugin
2022-10-15 17:46:38,634 [INFO] PluginManager:213 - loadIPPluginJar : add dma
2022-10-15 17:46:38,751 [INFO] IPUIPlugin:74 - create IPUIPlugin
2022-10-15 17:46:38,752 [INFO] PluginManager:213 - loadIPPluginJar : add dma3
2022-10-15 17:46:38,797 [INFO] IPUIPlugin:74 - create IPUIPlugin
2022-10-15 17:46:38,797 [INFO] PluginManager:213 - loadIPPluginJar : add fatfs
2022-10-15 17:46:38,889 [INFO] IPUIPlugin:74 - create IPUIPlugin
2022-10-15 17:46:38,889 [INFO] PluginManager:213 - loadIPPluginJar : add fmc
2022-10-15 17:46:38,910 [INFO] IPUIPlugin:74 - create IPUIPlugin
2022-10-15 17:46:38,910 [INFO] PluginManager:213 - loadIPPluginJar : add freertos
2022-10-15 17:46:38,915 [INFO] IPUIPlugin:74 - create IPUIPlugin
2022-10-15 17:46:38,915 [INFO] PluginManager:213 - loadIPPluginJar : add genericplugin
2022-10-15 17:46:39,054 [INFO] IPUIPlugin:74 - create IPUIPlugin
2022-10-15 17:46:39,054 [INFO] PluginManager:213 - loadIPPluginJar : add gfxmmu
2022-10-15 17:46:39,232 [INFO] IPUIPlugin:74 - create IPUIPlugin
2022-10-15 17:46:39,232 [INFO] PluginManager:213 - loadIPPluginJar : add gic
2022-10-15 17:46:39,251 [INFO] IPUIPlugin:74 - create IPUIPlugin
2022-10-15 17:46:39,252 [INFO] PluginManager:213 - loadIPPluginJar : add gpio
2022-10-15 17:46:39,351 [INFO] IPUIPlugin:74 - create IPUIPlugin
2022-10-15 17:46:39,352 [INFO] PluginManager:213 - loadIPPluginJar : add gtzc
2022-10-15 17:46:39,393 [INFO] IPUIPlugin:74 - create IPUIPlugin
2022-10-15 17:46:39,393 [INFO] PluginManager:213 - loadIPPluginJar : add hash
2022-10-15 17:46:39,484 [INFO] IPUIPlugin:74 - create IPUIPlugin
2022-10-15 17:46:39,484 [INFO] PluginManager:213 - loadIPPluginJar : add i2c
2022-10-15 17:46:39,566 [INFO] IPUIPlugin:74 - create IPUIPlugin
2022-10-15 17:46:39,566 [INFO] PluginManager:213 - loadIPPluginJar : add i2s
2022-10-15 17:46:39,590 [INFO] IPUIPlugin:74 - create IPUIPlugin
2022-10-15 17:46:39,590 [INFO] PluginManager:213 - loadIPPluginJar : add ipddr
2022-10-15 17:46:39,738 [INFO] IPUIPlugin:74 - create IPUIPlugin
2022-10-15 17:46:39,738 [INFO] PluginManager:213 - loadIPPluginJar : add linkedlist
2022-10-15 17:46:39,776 [INFO] IPUIPlugin:74 - create IPUIPlugin
2022-10-15 17:46:39,776 [INFO] PluginManager:213 - loadIPPluginJar : add lorawan
2022-10-15 17:46:39,814 [INFO] IPUIPlugin:74 - create IPUIPlugin
2022-10-15 17:46:39,814 [INFO] PluginManager:213 - loadIPPluginJar : add ltdc
2022-10-15 17:46:39,828 [INFO] IPUIPlugin:74 - create IPUIPlugin
2022-10-15 17:46:39,829 [INFO] PluginManager:213 - loadIPPluginJar : add mdma
2022-10-15 17:46:39,844 [INFO] IPUIPlugin:74 - create IPUIPlugin
2022-10-15 17:46:39,844 [INFO] PluginManager:213 - loadIPPluginJar : add nvic
2022-10-15 17:46:39,886 [INFO] IPUIPlugin:74 - create IPUIPlugin
2022-10-15 17:46:39,887 [INFO] PluginManager:213 - loadIPPluginJar : add opamp
2022-10-15 17:46:39,960 [INFO] IPUIPlugin:74 - create IPUIPlugin
2022-10-15 17:46:39,961 [INFO] PluginManager:213 - loadIPPluginJar : add openamp
2022-10-15 17:46:40,015 [INFO] IPUIPlugin:74 - create IPUIPlugin
2022-10-15 17:46:40,015 [INFO] PluginManager:213 - loadIPPluginJar : add pdm2pcm
2022-10-15 17:46:40,033 [INFO] IPUIPlugin:74 - create IPUIPlugin
2022-10-15 17:46:40,039 [INFO] PluginManager:213 - loadIPPluginJar : add plateformsettings
2022-10-15 17:46:40,071 [INFO] IPUIPlugin:74 - create IPUIPlugin
2022-10-15 17:46:40,071 [INFO] PluginManager:213 - loadIPPluginJar : add quadspi
2022-10-15 17:46:40,087 [INFO] IPUIPlugin:74 - create IPUIPlugin
2022-10-15 17:46:40,087 [INFO] PluginManager:213 - loadIPPluginJar : add resmgrutility
2022-10-15 17:46:40,155 [INFO] IPUIPlugin:74 - create IPUIPlugin
2022-10-15 17:46:40,155 [INFO] PluginManager:213 - loadIPPluginJar : add sai
2022-10-15 17:46:40,208 [INFO] IPUIPlugin:74 - create IPUIPlugin
2022-10-15 17:46:40,209 [INFO] PluginManager:213 - loadIPPluginJar : add spi
2022-10-15 17:46:40,267 [INFO] IPUIPlugin:74 - create IPUIPlugin
2022-10-15 17:46:40,267 [INFO] PluginManager:213 - loadIPPluginJar : add stm32_wpan
2022-10-15 17:46:40,303 [INFO] IPUIPlugin:74 - create IPUIPlugin
2022-10-15 17:46:40,304 [INFO] PluginManager:213 - loadIPPluginJar : add tim
2022-10-15 17:46:40,360 [INFO] ThirdPartyUpdaterWithRetryManager:66 - Updater plugin not ready yet. [2/15]
2022-10-15 17:46:40,377 [INFO] IPUIPlugin:74 - create IPUIPlugin
2022-10-15 17:46:40,377 [INFO] PluginManager:213 - loadIPPluginJar : add touchsensing
2022-10-15 17:46:40,419 [INFO] IPUIPlugin:74 - create IPUIPlugin
2022-10-15 17:46:40,420 [INFO] PluginManager:213 - loadIPPluginJar : add tracer_emb
2022-10-15 17:46:40,460 [INFO] IPUIPlugin:74 - create IPUIPlugin
2022-10-15 17:46:40,461 [INFO] PluginManager:213 - loadIPPluginJar : add ts
2022-10-15 17:46:40,493 [INFO] IPUIPlugin:74 - create IPUIPlugin
2022-10-15 17:46:40,493 [INFO] PluginManager:213 - loadIPPluginJar : add tsc
2022-10-15 17:46:40,528 [INFO] IPUIPlugin:74 - create IPUIPlugin
2022-10-15 17:46:40,528 [INFO] PluginManager:213 - loadIPPluginJar : add ucpd
2022-10-15 17:46:40,593 [INFO] IPUIPlugin:74 - create IPUIPlugin
2022-10-15 17:46:40,593 [INFO] PluginManager:213 - loadIPPluginJar : add usart
2022-10-15 17:46:40,641 [INFO] IPUIPlugin:74 - create IPUIPlugin
2022-10-15 17:46:40,642 [INFO] PluginManager:213 - loadIPPluginJar : add usbx
2022-10-15 17:46:41,053 [FATAL] Updater:294 - Updater called before beeing initialized
2022-10-15 17:46:41,219 [FATAL] Updater:294 - Updater called before beeing initialized
2022-10-15 17:46:41,228 [INFO] DbMcusAds:47 - JSON generation date=Thu Sep 30 13:56:37 ICT 2021 (1632984997303)
2022-10-15 17:46:41,228 [FATAL] Updater:294 - Updater called before beeing initialized
2022-10-15 17:46:41,288 [WARN] DetailPanel:314 - Failed to get advertising image, set to default
2022-10-15 17:46:41,410 [FATAL] Updater:294 - Updater called before beeing initialized
2022-10-15 17:46:41,414 [FATAL] Updater:294 - Updater called before beeing initialized
2022-10-15 17:46:41,415 [FATAL] Updater:294 - Updater called before beeing initialized
2022-10-15 17:46:41,415 [WARN] DetailPanel:314 - Failed to get advertising image, set to default
2022-10-15 17:46:41,418 [FATAL] Updater:294 - Updater called before beeing initialized
2022-10-15 17:46:41,547 [ERROR] Updater:1075 - MainUpdater not yet initialized. External WinMGr cannot be set.
2022-10-15 17:46:41,562 [INFO] Updater:1012 - Updater Version found : 6.3.0
2022-10-15 17:46:41,626 [INFO] ApplicationProperties:181 - Using Application install path: C:\ST\STM32CubeIDE_1.7.0\STM32CubeIDE\plugins\com.st.stm32cube.common.mx_6.3.0.202107141111
2022-10-15 17:46:43,364 [INFO] ThirdPartyUpdaterWithRetryManager:66 - Updater plugin not ready yet. [3/15]
2022-10-15 17:46:43,683 [INFO] MainUpdater:2671 - connection check result : 10
2022-10-15 17:46:43,685 [INFO] MainUpdater:265 - Updater Check For Update Now.
2022-10-15 17:46:43,687 [INFO] MicroXplorer:478 - Change Database Version : DB.6.0.30
2022-10-15 17:46:43,910 [INFO] CheckServerUpdateThread:112 - End of CheckServer Thread
2022-10-15 17:46:43,967 [INFO] MainUpdater:2671 - connection check result : 10
2022-10-15 17:46:44,635 [INFO] McuFinderGlobals:52 - Set McuFinderConnectedMode to false
2022-10-15 17:46:44,853 [INFO] CrossSelectorPresenter:1330 - Cross Selector saved comparison directory: C:\Users\HP\.stmcufinder\plugins\mcufinder\mcu\cs_comparisons_mx
2022-10-15 17:46:44,867 [INFO] MultiScanPanel:197 - Auto-refresh data requested => check proxy status ongoing
2022-10-15 17:46:44,867 [INFO] MultiScanPanel:201 - Proxy status is invalid
2022-10-15 17:46:44,875 [INFO] FinderPluginLoader:87 - Searching for filters in installed packs
2022-10-15 17:46:44,878 [INFO] DbMcusXml:100 - Load MCU database from C:\ST\STM32CubeIDE_1.7.0\STM32CubeIDE\plugins\com.st.stm32cube.common.mx_6.3.0.202107141111\\db\/mcu/families.xml
2022-10-15 17:46:46,532 [INFO] DbMcusJson:93 - JSON generation date=Tue Nov 16 23:17:54 ICT 2021 (1637079474)
2022-10-15 17:46:46,894 [WARN] PackLoader:238 - Cannot read IP mode file for STMicroelectronics.X-CUBE-GNSS1.6.0.0
2022-10-15 17:46:47,361 [WARN] PackLoader:238 - Cannot read IP mode file for STMicroelectronics.X-CUBE-AZRTOS-F4.1.1.0
2022-10-15 17:46:47,398 [WARN] PackLoader:238 - Cannot read IP mode file for STMicroelectronics.X-CUBE-BLEMGR.1.2.0
2022-10-15 17:46:47,475 [WARN] PackLoader:238 - Cannot read IP mode file for STMicroelectronics.X-CUBE-AZRTOS-F7.1.1.0
2022-10-15 17:46:47,509 [WARN] PackLoader:238 - Cannot read IP mode file for STMicroelectronics.X-CUBE-BLE1.6.2.3
2022-10-15 17:46:47,536 [WARN] PackLoader:238 - Cannot read IP mode file for STMicroelectronics.X-CUBE-NFC4.2.0.4
2022-10-15 17:46:47,577 [WARN] PackLoader:238 - Cannot read IP mode file for STMicroelectronics.X-CUBE-TOF1.3.1.0
2022-10-15 17:46:47,615 [WARN] PackLoader:238 - Cannot read IP mode file for wolfSSL.I-CUBE-wolfSSL.5.5.0
2022-10-15 17:46:47,667 [WARN] PackLoader:238 - Cannot read IP mode file for STMicroelectronics.X-CUBE-NFC7.1.0.0
2022-10-15 17:46:47,791 [WARN] PackLoader:238 - Cannot read IP mode file for STMicroelectronics.X-CUBE-MEMS1.9.3.0
2022-10-15 17:46:47,925 [INFO] DbMcus:175 - Found 1951 MCUs (1903 are supported by CubeMX, 1914 are visible in CubeMX)
2022-10-15 17:46:47,926 [INFO] ApiDb:251 - Load user favorites file C:\Users\HP/.stm32cubeide/favorites.mcus.txt: 0 item(s)
2022-10-15 17:46:47,927 [INFO] ApiDb:255 - User favorites MCUs=[]
2022-10-15 17:46:47,927 [INFO] DbMcus:187 - Set 0 / 0 favorites MCUs
2022-10-15 17:46:48,488 [WARN] PackLoader:238 - Cannot read IP mode file for STMicroelectronics.X-CUBE-AI.7.2.0
2022-10-15 17:46:48,777 [WARN] PackLoader:238 - Cannot read IP mode file for STMicroelectronics.X-CUBE-SFXS2LP1.4.0.0
2022-10-15 17:46:48,860 [WARN] PackLoader:238 - Cannot read IP mode file for STMicroelectronics.X-CUBE-BLE2.3.3.0
2022-10-15 17:46:49,212 [WARN] PackLoader:238 - Cannot read IP mode file for STMicroelectronics.X-CUBE-DISPLAY.2.2.0
2022-10-15 17:46:49,439 [WARN] PackLoader:238 - Cannot read IP mode file for STMicroelectronics.X-CUBE-ISPU.1.0.0
2022-10-15 17:46:49,550 [WARN] PackLoader:238 - Cannot read IP mode file for RoweBots.I-CUBE-UNISONRTOS.5.5.0-4
2022-10-15 17:46:49,649 [WARN] PackLoader:238 - Cannot read IP mode file for STMicroelectronics.X-CUBE-AZRTOS-H7.2.1.0
2022-10-15 17:46:49,684 [WARN] PackLoader:238 - Cannot read IP mode file for STMicroelectronics.X-CUBE-BLEMGR.1.0.0
2022-10-15 17:46:49,746 [WARN] PackLoader:238 - Cannot read IP mode file for STMicroelectronics.X-CUBE-ALGOBUILD.1.3.0
2022-10-15 17:46:49,781 [INFO] DetailPanel:309 - Set advertising image to C:/Users/HP/STM32Cube/Repository/\en.Prom_NBSTM32U50921.jpg
2022-10-15 17:46:49,802 [WARN] PackLoader:238 - Cannot read IP mode file for STMicroelectronics.X-CUBE-AZRTOS-G0.1.1.0
2022-10-15 17:46:49,843 [WARN] PackLoader:238 - Cannot read IP mode file for STMicroelectronics.X-CUBE-SUBG2.5.0.0
2022-10-15 17:46:50,364 [WARN] PackLoader:238 - Cannot read IP mode file for SEGGER.I-CUBE-embOS.1.2.0
2022-10-15 17:46:50,581 [WARN] PackLoader:238 - Cannot read IP mode file for STMicroelectronics.FP-ATR-ASTRA1.1.1.1
2022-10-15 17:46:50,654 [WARN] PackLoader:238 - Cannot read IP mode file for STMicroelectronics.X-CUBE-AZRTOS-G4.1.0.0
2022-10-15 17:46:50,681 [WARN] PackLoader:238 - Cannot read IP mode file for STMicroelectronics.FP-ATR-SIGFOX1.3.2.0
2022-10-15 17:46:50,738 [WARN] PackLoader:238 - Cannot read IP mode file for STMicroelectronics.X-CUBE-AZRTOS-L4.1.0.0
2022-10-15 17:46:50,762 [INFO] DbBoardsPdsc:90 - Found 25 items
2022-10-15 17:46:50,769 [INFO] DbBoardsPdsc:90 - Found 9 items
2022-10-15 17:46:50,778 [INFO] DbBoardsPdsc:90 - Found 33 items
2022-10-15 17:46:50,782 [INFO] DbBoardsPdsc:90 - Found 1 items
2022-10-15 17:46:50,790 [WARN] PackLoader:238 - Cannot read IP mode file for emotas.I-CUBE-CANOPEN.1.1.2
2022-10-15 17:46:50,797 [INFO] DbBoardsPdsc:90 - Found 48 items
2022-10-15 17:46:50,813 [INFO] DbBoardsPdsc:90 - Found 43 items
2022-10-15 17:46:50,816 [WARN] PackLoader:238 - Cannot read IP mode file for STMicroelectronics.X-CUBE-TOUCHGFX.4.20.0
2022-10-15 17:46:50,819 [INFO] DbBoardsPdsc:90 - Found 2 items
2022-10-15 17:46:50,824 [INFO] DbBoardsPdsc:90 - Found 5 items
2022-10-15 17:46:50,834 [WARN] DbBoardsPdsc:254 - Board STM32H7B3I-DK: unknown feature type=Audio, name=, username=Audio stereo codec with Headphone Amp (CS42L51-CNZ), n=1
2022-10-15 17:46:50,835 [WARN] DbBoardsPdsc:254 - Board STM32H735G-DK: unknown feature type=Audio, name=, username=Audio stereo codec with Headphone Amp (WM8994ECS/R), n=1
2022-10-15 17:46:50,839 [WARN] DbBoardsPdsc:254 - Board STM32H7B3I-EVAL: unknown feature type=Audio, name=, username=Multi-Channel Audio Codec (CS42L51-CNZ), n=1
2022-10-15 17:46:50,840 [WARN] DbBoardsPdsc:254 - Board STM32H7B3I-EVAL: unknown feature type=Meter, name=, username=Power-metering and Temperature-monitoring with sigma-delta modulators, n=1
2022-10-15 17:46:50,840 [WARN] DbBoardsPdsc:254 - Board STM32H7B3I-EVAL: unknown feature type=Motor, name=, username=Motor Control, n=1
2022-10-15 17:46:50,841 [WARN] DbBoardsPdsc:254 - Board STM32U575I-EV: unknown feature type=joystick, name=, username=4-direction joystick with selection button, n=1
2022-10-15 17:46:50,859 [WARN] PackLoader:238 - Cannot read IP mode file for STMicroelectronics.X-CUBE-AZRTOS-WL.1.0.0
2022-10-15 17:46:50,885 [INFO] DbBoardsJson:86 - JSON generation date=Tue Nov 16 23:17:54 ICT 2021 (1637079474)
2022-10-15 17:46:50,890 [WARN] PackLoader:238 - Cannot read IP mode file for portGmbH.I-Cube-SoM-uGOAL.1.1.0
2022-10-15 17:46:50,898 [INFO] DbBoards:117 - Found 167 boards (163 are supported by CubeMX)
2022-10-15 17:46:50,904 [INFO] DbBoardsDocs:143 - JSON generation date=Tue Nov 16 23:17:54 ICT 2021 (1637079474)
2022-10-15 17:46:50,909 [WARN] PackLoader:238 - Cannot read IP mode file for STMicroelectronics.X-CUBE-ALS.1.0.1
2022-10-15 17:46:50,910 [INFO] DbBoardsDocs:79 - Found 209 boards documents
2022-10-15 17:46:50,911 [WARN] DbBoards:127 - board B-L475E-IOT01A2 has no document id list !
2022-10-15 17:46:50,913 [WARN] DbBoards:127 - board NUCLEO-H743ZI has no document id list !
2022-10-15 17:46:50,915 [WARN] DbBoards:127 - board NUCLEO-WL55JC2 has no document id list !
2022-10-15 17:46:50,918 [WARN] DbBoards:127 - board P-NUCLEO-WB55-Nucleo has no document id list !
2022-10-15 17:46:50,919 [WARN] DbBoards:127 - board P-NUCLEO-WB55-USBDongle has no document id list !
2022-10-15 17:46:50,919 [WARN] DbBoards:127 - board STEVAL-BFA001V1B has no document id list !
2022-10-15 17:46:50,919 [WARN] DbBoards:127 - board STEVAL-BFA001V2B has no document id list !
2022-10-15 17:46:50,919 [WARN] DbBoards:127 - board STEVAL-IDP005V1 has no document id list !
2022-10-15 17:46:50,919 [WARN] DbBoards:127 - board STEVAL-IDP005V2 has no document id list !
2022-10-15 17:46:50,919 [WARN] DbBoards:127 - board STEVAL-MKSBOX1V1 has no document id list !
2022-10-15 17:46:50,919 [WARN] DbBoards:127 - board STEVAL-STWINKT1 has no document id list !
2022-10-15 17:46:50,920 [WARN] DbBoards:127 - board STEVAL-STWINKT1B has no document id list !
2022-10-15 17:46:50,920 [WARN] DbBoards:127 - board STM32439I-EVAL2 has no document id list !
2022-10-15 17:46:50,921 [WARN] DbBoards:127 - board STM32F401C-DISCO has no document id list !
2022-10-15 17:46:50,921 [WARN] DbBoards:127 - board STM32F769I-DISC1 has no document id list !
2022-10-15 17:46:50,922 [WARN] DbBoards:127 - board STM32G474E-EVAL1 has no document id list !
2022-10-15 17:46:50,923 [WARN] DbBoards:127 - board STM32H743I-EVAL2 has no document id list !
2022-10-15 17:46:50,923 [WARN] DbBoards:127 - board STM32H747I-DISC1 has no document id list !
2022-10-15 17:46:50,924 [WARN] DbBoards:127 - board STM32H753I-EVAL2 has no document id list !
2022-10-15 17:46:50,924 [WARN] DbBoards:127 - board STM32L-DISCOVERY has no document id list !
2022-10-15 17:46:50,961 [WARN] PackLoader:238 - Cannot read IP mode file for STMicroelectronics.X-CUBE-AZRTOS-L5.1.0.0
2022-10-15 17:46:51,089 [WARN] PackLoader:238 - Cannot read IP mode file for STMicroelectronics.X-CUBE-EEPRMA1.3.1.1
2022-10-15 17:46:51,092 [INFO] ThirdParty:915 - Integrity check success = true
2022-10-15 17:46:51,092 [INFO] IntegrityCheckThread:94 - exiting critical section [integrity check]
2022-10-15 17:46:51,092 [INFO] IntegrityCheckThread:97 - End integrity checks thread
2022-10-15 17:46:51,181 [ERROR] DbBoards:189 - Image file not found for board B-U585I-IOT02A: C:\ST\STM32CubeIDE_1.7.0\STM32CubeIDE\plugins\com.st.stm32cube.common.mx_6.3.0.202107141111\\db\/plugins/mcufinder/images/boards/B-U585I-IOT02A_small.jpg
2022-10-15 17:46:51,380 [ERROR] DbBoards:189 - Image file not found for board NUCLEO-F413ZH: C:\ST\STM32CubeIDE_1.7.0\STM32CubeIDE\plugins\com.st.stm32cube.common.mx_6.3.0.202107141111\\db\/plugins/mcufinder/images/boards/nucleo-f413zh_small.jpg
2022-10-15 17:46:51,712 [ERROR] DbBoards:189 - Image file not found for board NUCLEO-L552ZE-Q: C:\ST\STM32CubeIDE_1.7.0\STM32CubeIDE\plugins\com.st.stm32cube.common.mx_6.3.0.202107141111\\db\/plugins/mcufinder/images/boards/nucleo_l552ze_q_small.jpg
2022-10-15 17:46:51,712 [ERROR] DbBoards:189 - Image file not found for board NUCLEO-U575ZI-Q: C:\ST\STM32CubeIDE_1.7.0\STM32CubeIDE\plugins\com.st.stm32cube.common.mx_6.3.0.202107141111\\db\/plugins/mcufinder/images/boards/nucleo-u575zi-q_small.jpg
2022-10-15 17:46:51,712 [ERROR] DbBoards:189 - Image file not found for board NUCLEO-WB15CC: C:\ST\STM32CubeIDE_1.7.0\STM32CubeIDE\plugins\com.st.stm32cube.common.mx_6.3.0.202107141111\\db\/plugins/mcufinder/images/boards/nucleo-wb15cc_small.jpg
2022-10-15 17:46:51,712 [ERROR] DbBoards:189 - Image file not found for board NUCLEO-WB55RG: C:\ST\STM32CubeIDE_1.7.0\STM32CubeIDE\plugins\com.st.stm32cube.common.mx_6.3.0.202107141111\\db\/plugins/mcufinder/images/boards/nucleo-wb55rg_small.jpg
2022-10-15 17:46:53,364 [INFO] ApiDb:251 - Load user favorites file C:\Users\HP/.stm32cubeide/favorites.boards.txt: 0 item(s)
2022-10-15 17:46:53,364 [INFO] ApiDb:255 - User favorites Boards=[]
2022-10-15 17:46:53,365 [INFO] DbBoards:206 - Set 0 / 0 favorites Boards
2022-10-15 17:47:43,231 [INFO] MainUpdater:2671 - connection check result : 10
2022-10-15 17:47:43,232 [INFO] MainUpdater:2671 - connection check result : 10
2022-10-15 17:47:43,373 [INFO] MicroXplorer:448 - Change Database Path : 
2022-10-15 17:47:43,373 [INFO] MicroXplorer:478 - Change Database Version : DB.6.0.30
2022-10-15 17:47:43,375 [WARN] ThirdParty:813 - waiting for thirdparty lock release [close project]
2022-10-15 17:47:43,375 [INFO] ThirdParty:815 - entering critical section [close project]
2022-10-15 17:47:43,385 [INFO] ThirdParty:825 - exiting critical section [close project]
2022-10-15 17:47:43,405 [INFO] PinOutPanel:1463 - setPackage(No Configuration,No Configuration)
2022-10-15 17:47:43,411 [INFO] UtilMem:74 - Begin LoadConfig() Used Memory: 486866800 Bytes (653262848)
2022-10-15 17:47:43,414 [INFO] MicroXplorer:448 - Change Database Path : 
2022-10-15 17:47:43,415 [INFO] MicroXplorer:478 - Change Database Version : DB.6.0.30
2022-10-15 17:47:43,415 [INFO] OpenFileManager:313 - Change cursor
2022-10-15 17:47:45,290 [INFO] Context:592 - Trying to add GPIOservice into a context  which must be forbidden
2022-10-15 17:47:45,630 [WARN] ApiManager:304 - Cannot register API 'Board Extension:GNSS1A1' from pack STMicroelectronics.X-CUBE-GNSS1.6.0.0: no header file found
2022-10-15 17:47:45,630 [WARN] ApiManager:304 - Cannot register API 'Board Support:Custom' from pack STMicroelectronics.X-CUBE-GNSS1.6.0.0: no header file found
2022-10-15 17:47:45,631 [WARN] ApiManager:304 - Cannot register API 'Data Exchange:lib_gnss' from pack STMicroelectronics.X-CUBE-GNSS1.6.0.0: no header file found
2022-10-15 17:47:45,651 [WARN] ModelIntegratedComponent:60 - No mode defined for component null
2022-10-15 17:47:45,651 [WARN] ModelIntegratedComponent:60 - No mode defined for component null
2022-10-15 17:47:45,652 [WARN] ModelIntegratedComponent:60 - No mode defined for component null
2022-10-15 17:47:45,652 [WARN] ModelIntegratedComponent:60 - No mode defined for component null
2022-10-15 17:47:45,652 [WARN] ModelIntegratedComponent:60 - No mode defined for component null
2022-10-15 17:47:45,652 [WARN] ModelIntegratedComponent:60 - No mode defined for component null
2022-10-15 17:47:45,652 [WARN] ModelIntegratedComponent:60 - No mode defined for component null
2022-10-15 17:47:45,652 [WARN] ModelIntegratedComponent:60 - No mode defined for component null
2022-10-15 17:47:45,652 [WARN] ModelIntegratedComponent:60 - No mode defined for component null
2022-10-15 17:47:45,652 [WARN] ModelIntegratedComponent:60 - No mode defined for component null
2022-10-15 17:47:45,652 [WARN] ModelIntegratedComponent:60 - No mode defined for component null
2022-10-15 17:47:45,652 [WARN] ModelIntegratedComponent:60 - No mode defined for component null
2022-10-15 17:47:45,652 [WARN] ModelIntegratedComponent:60 - No mode defined for component null
2022-10-15 17:47:45,652 [WARN] ModelIntegratedComponent:60 - No mode defined for component null
2022-10-15 17:47:45,652 [WARN] ModelIntegratedComponent:60 - No mode defined for component null
2022-10-15 17:47:45,653 [WARN] ModelIntegratedComponent:60 - No mode defined for component null
2022-10-15 17:47:45,653 [WARN] ModelIntegratedComponent:60 - No mode defined for component null
2022-10-15 17:47:45,653 [WARN] ModelIntegratedComponent:60 - No mode defined for component null
2022-10-15 17:47:45,653 [WARN] ModelIntegratedComponent:60 - No mode defined for component null
2022-10-15 17:47:45,653 [WARN] ModelIntegratedComponent:60 - No mode defined for component null
2022-10-15 17:47:45,653 [WARN] ModelIntegratedComponent:60 - No mode defined for component null
2022-10-15 17:47:45,653 [WARN] ModelIntegratedComponent:60 - No mode defined for component null
2022-10-15 17:47:45,653 [WARN] ModelIntegratedComponent:60 - No mode defined for component null
2022-10-15 17:47:45,653 [WARN] ModelIntegratedComponent:60 - No mode defined for component null
2022-10-15 17:47:45,653 [WARN] ModelIntegratedComponent:60 - No mode defined for component null
2022-10-15 17:47:45,653 [WARN] ModelIntegratedComponent:60 - No mode defined for component null
2022-10-15 17:47:45,653 [WARN] ModelIntegratedComponent:60 - No mode defined for component null
2022-10-15 17:47:45,653 [WARN] ModelIntegratedComponent:60 - No mode defined for component null
2022-10-15 17:47:45,653 [WARN] ModelIntegratedComponent:60 - No mode defined for component null
2022-10-15 17:47:45,654 [WARN] ModelIntegratedComponent:60 - No mode defined for component null
2022-10-15 17:47:45,654 [WARN] ModelIntegratedComponent:60 - No mode defined for component null
2022-10-15 17:47:45,658 [WARN] ApiManager:304 - Cannot register API 'Board Extension:NFC07A1' from pack STMicroelectronics.X-CUBE-NFC7.1.0.0: no header file found
2022-10-15 17:47:45,943 [WARN] ApiManager:304 - Cannot register API 'Board Extension:IKS01A3' from pack STMicroelectronics.X-CUBE-MEMS1.9.3.0: no header file found
2022-10-15 17:47:45,943 [WARN] ApiManager:304 - Cannot register API 'Board Extension:IKS01A2' from pack STMicroelectronics.X-CUBE-MEMS1.9.3.0: no header file found
2022-10-15 17:47:45,943 [WARN] ApiManager:304 - Cannot register API 'Board Extension:IKS02A1' from pack STMicroelectronics.X-CUBE-MEMS1.9.3.0: no header file found
2022-10-15 17:47:45,964 [WARN] ApiManager:304 - Cannot register API 'Wireless:BlueNRG-MS' from pack STMicroelectronics.X-CUBE-BLE1.6.2.3: no header file found
2022-10-15 17:47:45,969 [INFO] RtosManager:484 - Registered RTOS mode: class=CMSIS, group=RTOS, mode=CMSIS_V1, owner=FREERTOS
2022-10-15 17:47:45,969 [INFO] RtosManager:484 - Registered RTOS mode: class=CMSIS, group=RTOS2, mode=CMSIS_V2, owner=FREERTOS
2022-10-15 17:47:45,970 [INFO] RtosManager:484 - Registered RTOS mode: class=RTOS, group=Core, mode=CMSIS_V1, owner=FREERTOS
2022-10-15 17:47:45,970 [INFO] RtosManager:484 - Registered RTOS mode: class=RTOS, group=Core, mode=CMSIS_V2, owner=FREERTOS
2022-10-15 17:47:45,970 [WARN] ModelIntegratedComponent:181 - Missing modes for component STMicroelectronics:FreeRTOS:0.0.1:STMicroelectronics:RTOS:FreeRTOS:Core:::10.2.0:
2022-10-15 17:47:45,978 [WARN] ApiManager:304 - Cannot register API 'Board Extension:S2868A1' from pack STMicroelectronics.X-CUBE-SUBG2.5.0.0: no header file found
2022-10-15 17:47:45,979 [WARN] ApiManager:304 - Cannot register API 'Board Extension:S2868A2' from pack STMicroelectronics.X-CUBE-SUBG2.5.0.0: no header file found
2022-10-15 17:47:45,979 [WARN] ApiManager:304 - Cannot register API 'Board Extension:S2915A1' from pack STMicroelectronics.X-CUBE-SUBG2.5.0.0: no header file found
2022-10-15 17:47:45,985 [WARN] ApiManager:304 - Cannot register API 'Board Extension:EEPRMA1' from pack STMicroelectronics.X-CUBE-EEPRMA1.3.1.1: no header file found
2022-10-15 17:47:45,986 [WARN] ApiManager:304 - Cannot register API 'Board Extension:EEPRMA2' from pack STMicroelectronics.X-CUBE-EEPRMA1.3.1.1: no header file found
2022-10-15 17:47:45,987 [WARN] ApiManager:304 - Cannot register API 'Board Extension:S2868A1' from pack STMicroelectronics.X-CUBE-SFXS2LP1.4.0.0: no header file found
2022-10-15 17:47:45,988 [WARN] ApiManager:304 - Cannot register API 'Board Extension:S2868A2' from pack STMicroelectronics.X-CUBE-SFXS2LP1.4.0.0: no header file found
2022-10-15 17:47:45,988 [WARN] ApiManager:304 - Cannot register API 'Board Extension:S2915A1' from pack STMicroelectronics.X-CUBE-SFXS2LP1.4.0.0: no header file found
2022-10-15 17:47:45,989 [WARN] ApiManager:304 - Cannot register API 'Wireless:BlueNRG-2' from pack STMicroelectronics.X-CUBE-BLE2.3.3.0: no header file found
2022-10-15 17:47:45,990 [WARN] ApiManager:304 - Cannot register API 'Board Extension:NFC04A1' from pack STMicroelectronics.X-CUBE-NFC4.2.0.4: no header file found
2022-10-15 17:47:48,852 [INFO] UtilMem:74 - End LoadConfig() Used Memory: 560670720 Bytes (653262848)
2022-10-15 17:47:48,858 [WARN] ThirdParty:779 - waiting for thirdparty lock release [change project]
2022-10-15 17:47:48,858 [INFO] ThirdParty:781 - entering critical section [change project]
2022-10-15 17:47:48,858 [INFO] ThirdParty:967 - CMSIS Pack Vendor :RoweBots I-CUBE-UNISONRTOS 5.5.0-4
2022-10-15 17:47:48,859 [INFO] ThirdParty:967 - CMSIS Pack Vendor :STMicroelectronics X-CUBE-GNSS1 6.0.0
2022-10-15 17:47:48,859 [INFO] ThirdParty:967 - CMSIS Pack Vendor :STMicroelectronics X-CUBE-AZRTOS-H7 2.1.0
2022-10-15 17:47:48,859 [INFO] ThirdParty:967 - CMSIS Pack Vendor :STMicroelectronics USB_HOST 2.0.0
2022-10-15 17:47:48,859 [INFO] ThirdParty:967 - CMSIS Pack Vendor :STMicroelectronics X-CUBE-AZRTOS-F4 1.1.0
2022-10-15 17:47:48,859 [INFO] ThirdParty:967 - CMSIS Pack Vendor :STMicroelectronics X-CUBE-AZRTOS-G4 1.0.0
2022-10-15 17:47:48,860 [INFO] ThirdParty:967 - CMSIS Pack Vendor :STMicroelectronics FP-ATR-SIGFOX1 3.2.0
2022-10-15 17:47:48,860 [INFO] ThirdParty:967 - CMSIS Pack Vendor :STMicroelectronics X-CUBE-AZRTOS-L4 1.0.0
2022-10-15 17:47:48,860 [INFO] ThirdParty:967 - CMSIS Pack Vendor :STMicroelectronics USB_DEVICE 3.0.0
2022-10-15 17:47:48,860 [INFO] ThirdParty:967 - CMSIS Pack Vendor :wolfSSL I-CUBE-wolfSSL 5.5.0
2022-10-15 17:47:48,860 [INFO] ThirdParty:967 - CMSIS Pack Vendor :STMicroelectronics HAL Drivers 0.0.0
2022-10-15 17:47:48,860 [INFO] ThirdParty:967 - CMSIS Pack Vendor :STMicroelectronics MBEDTLS 2.16.2
2022-10-15 17:47:48,860 [INFO] ThirdParty:967 - CMSIS Pack Vendor :emotas I-CUBE-CANOPEN 1.1.2
2022-10-15 17:47:48,860 [INFO] ThirdParty:967 - CMSIS Pack Vendor :STMicroelectronics X-CUBE-TOUCHGFX 4.20.0
2022-10-15 17:47:48,860 [INFO] ThirdParty:967 - CMSIS Pack Vendor :STMicroelectronics MBEDTLS 2.14.1
2022-10-15 17:47:48,860 [INFO] ThirdParty:967 - CMSIS Pack Vendor :STMicroelectronics X-CUBE-NFC7 1.0.0
2022-10-15 17:47:48,860 [INFO] ThirdParty:967 - CMSIS Pack Vendor :STMicroelectronics X-CUBE-BLEMGR 1.0.0
2022-10-15 17:47:48,861 [INFO] ThirdParty:967 - CMSIS Pack Vendor :STMicroelectronics X-CUBE-BLEMGR 1.2.0
2022-10-15 17:47:48,861 [INFO] ThirdParty:967 - CMSIS Pack Vendor :STMicroelectronics X-CUBE-AZRTOS-WL 1.0.0
2022-10-15 17:47:48,861 [INFO] ThirdParty:967 - CMSIS Pack Vendor :STMicroelectronics X-CUBE-AZRTOS-F7 1.1.0
2022-10-15 17:47:48,861 [INFO] ThirdParty:967 - CMSIS Pack Vendor :STMicroelectronics X-CUBE-MEMS1 9.3.0
2022-10-15 17:47:48,861 [INFO] ThirdParty:967 - CMSIS Pack Vendor :portGmbH I-Cube-SoM-uGOAL 1.1.0
2022-10-15 17:47:48,861 [INFO] ThirdParty:967 - CMSIS Pack Vendor :STMicroelectronics X-CUBE-ALS 1.0.1
2022-10-15 17:47:48,861 [INFO] ThirdParty:967 - CMSIS Pack Vendor :STMicroelectronics USB_DEVICE 2.0.0
2022-10-15 17:47:48,861 [INFO] ThirdParty:967 - CMSIS Pack Vendor :STMicroelectronics X-CUBE-AI 7.2.0
2022-10-15 17:47:48,861 [INFO] ThirdParty:967 - CMSIS Pack Vendor :STMicroelectronics X-CUBE-BLE1 6.2.3
2022-10-15 17:47:48,861 [INFO] ThirdParty:967 - CMSIS Pack Vendor :STMicroelectronics X-CUBE-ALGOBUILD 1.3.0
2022-10-15 17:47:48,862 [INFO] ThirdParty:967 - CMSIS Pack Vendor :STMicroelectronics X-CUBE-AZRTOS-L5 1.0.0
2022-10-15 17:47:48,862 [INFO] ThirdParty:967 - CMSIS Pack Vendor :STMicroelectronics FreeRTOS 0.0.1
2022-10-15 17:47:48,862 [INFO] ThirdParty:967 - CMSIS Pack Vendor :STMicroelectronics X-CUBE-AZRTOS-G0 1.1.0
2022-10-15 17:47:48,862 [INFO] ThirdParty:967 - CMSIS Pack Vendor :STMicroelectronics USB_DEVICE 1.0.0
2022-10-15 17:47:48,862 [INFO] ThirdParty:967 - CMSIS Pack Vendor :STMicroelectronics X-CUBE-SUBG2 5.0.0
2022-10-15 17:47:48,862 [INFO] ThirdParty:967 - CMSIS Pack Vendor :SEGGER I-CUBE-embOS 1.2.0
2022-10-15 17:47:48,862 [INFO] ThirdParty:967 - CMSIS Pack Vendor :STMicroelectronics X-CUBE-EEPRMA1 3.1.1
2022-10-15 17:47:48,862 [INFO] ThirdParty:967 - CMSIS Pack Vendor :STMicroelectronics ThreadX 0.0.2
2022-10-15 17:47:48,862 [INFO] ThirdParty:967 - CMSIS Pack Vendor :STMicroelectronics lwIP 2.0.3
2022-10-15 17:47:48,862 [INFO] ThirdParty:967 - CMSIS Pack Vendor :STMicroelectronics lwIP 2.1.2
2022-10-15 17:47:48,862 [INFO] ThirdParty:967 - CMSIS Pack Vendor :STMicroelectronics X-CUBE-SFXS2LP1 4.0.0
2022-10-15 17:47:48,862 [INFO] ThirdParty:967 - CMSIS Pack Vendor :STMicroelectronics X-CUBE-BLE2 3.3.0
2022-10-15 17:47:48,863 [INFO] ThirdParty:967 - CMSIS Pack Vendor :STMicroelectronics X-CUBE-NFC4 2.0.4
2022-10-15 17:47:48,863 [INFO] ThirdParty:967 - CMSIS Pack Vendor :STMicroelectronics USB_HOST 1.0.0
2022-10-15 17:47:48,863 [INFO] ThirdParty:967 - CMSIS Pack Vendor :STMicroelectronics X-CUBE-DISPLAY 2.2.0
2022-10-15 17:47:48,863 [INFO] ThirdParty:967 - CMSIS Pack Vendor :STMicroelectronics PDM2PCM 3.1.0
2022-10-15 17:47:48,863 [INFO] ThirdParty:967 - CMSIS Pack Vendor :STMicroelectronics FP-ATR-ASTRA1 1.1.1
2022-10-15 17:47:48,863 [INFO] ThirdParty:967 - CMSIS Pack Vendor :STMicroelectronics PDM2PCM 3.2.0
2022-10-15 17:47:48,863 [INFO] ThirdParty:967 - CMSIS Pack Vendor :STMicroelectronics PDM2PCM 3.3.0
2022-10-15 17:47:48,863 [INFO] ThirdParty:967 - CMSIS Pack Vendor :STMicroelectronics X-CUBE-TOF1 3.1.0
2022-10-15 17:47:48,863 [INFO] ThirdParty:967 - CMSIS Pack Vendor :STMicroelectronics X-CUBE-ISPU 1.0.0
2022-10-15 17:47:48,864 [INFO] ThirdParty:787 - exiting critical section [change project]
2022-10-15 17:47:49,386 [INFO] PinOutPanel:1463 - setPackage(No Configuration,No Configuration)
2022-10-15 17:47:49,391 [INFO] PinOutPanel:1463 - setPackage(STM32F103C6Ux,UFQFPN48)
2022-10-15 17:47:50,171 [INFO] UtilMem:74 - Before build in PCC Used Memory: 467198464 Bytes (653262848)
2022-10-15 17:47:51,361 [INFO] UtilMem:74 - After build in PCC Used Memory: 468551088 Bytes (679477248)
2022-10-15 17:47:51,394 [INFO] IPUIPlugin:74 - create IPUIPlugin
2022-10-15 17:47:51,395 [INFO] IPUIPlugin:74 - create IPUIPlugin
2022-10-15 17:47:51,395 [INFO] IPUIPlugin:74 - create IPUIPlugin
2022-10-15 17:47:51,395 [INFO] IPUIPlugin:74 - create IPUIPlugin
2022-10-15 17:47:51,396 [INFO] IPUIPlugin:74 - create IPUIPlugin
2022-10-15 17:47:51,396 [INFO] IPUIPlugin:74 - create IPUIPlugin
2022-10-15 17:47:51,396 [INFO] IPUIPlugin:74 - create IPUIPlugin
2022-10-15 17:47:51,397 [INFO] IPUIPlugin:74 - create IPUIPlugin
2022-10-15 17:47:51,397 [INFO] IPUIPlugin:74 - create IPUIPlugin
2022-10-15 17:47:51,397 [INFO] IPUIPlugin:74 - create IPUIPlugin
2022-10-15 17:47:51,397 [INFO] IPUIPlugin:74 - create IPUIPlugin
2022-10-15 17:47:51,398 [INFO] IPUIPlugin:74 - create IPUIPlugin
2022-10-15 17:47:51,398 [INFO] IPUIPlugin:74 - create IPUIPlugin
2022-10-15 17:47:51,398 [INFO] IPUIPlugin:74 - create IPUIPlugin
2022-10-15 17:47:51,399 [INFO] IPUIPlugin:74 - create IPUIPlugin
2022-10-15 17:47:51,400 [INFO] IPUIPlugin:74 - create IPUIPlugin
2022-10-15 17:47:51,400 [INFO] IPUIPlugin:74 - create IPUIPlugin
2022-10-15 17:47:51,400 [INFO] IPUIPlugin:74 - create IPUIPlugin
2022-10-15 17:47:51,401 [INFO] IPUIPlugin:74 - create IPUIPlugin
2022-10-15 17:47:51,401 [INFO] IPUIPlugin:74 - create IPUIPlugin
2022-10-15 17:47:51,402 [INFO] IPUIPlugin:74 - create IPUIPlugin
2022-10-15 17:47:51,402 [INFO] IPUIPlugin:74 - create IPUIPlugin
2022-10-15 17:47:51,402 [INFO] IPUIPlugin:74 - create IPUIPlugin
2022-10-15 17:47:51,646 [INFO] OpenFileManager:333 - Restore cursor
2022-10-15 17:47:52,128 [INFO] UtilMem:74 - End SaveConfig() Used Memory: 514718736 Bytes (679477248)
2022-10-15 17:47:52,293 [INFO] UtilMem:74 - End SaveConfig() Used Memory: 527303696 Bytes (679477248)
2022-10-15 17:47:52,849 [INFO] BlockDiagram:2740 - set Specific Code input for plugin: NVIC
2022-10-15 17:47:52,850 [INFO] BlockDiagram:2740 - set Specific Code input for plugin: SYS
2022-10-15 17:47:52,850 [INFO] BlockDiagram:2740 - set Specific Code input for plugin: GPIO
2022-10-15 17:47:52,850 [INFO] BlockDiagram:2740 - set Specific Code input for plugin: RCC
2022-10-15 17:47:52,850 [INFO] BlockDiagram:2740 - set Specific Code input for plugin: TIM1_8F1
2022-10-15 17:47:52,852 [INFO] CodeGenerator:663 - code generatio: config db path: C:\ST\STM32CubeIDE_1.7.0\STM32CubeIDE\plugins\com.st.stm32cube.common.mx_6.3.0.202107141111\\db\
2022-10-15 17:47:53,509 [INFO] CodeEngine:239 - oldGeneratedFile, D:\Lab2Official\Lab2\MXTmpFiles\license.tmp_save
2022-10-15 17:47:54,041 [INFO] CodeEngine:257 - Generated code: D:\Lab2Official\Lab2\MXTmpFiles\license.tmp
2022-10-15 17:47:54,307 [INFO] CodeEngine:239 - oldGeneratedFile, D:\Lab2Official\Lab2\MXTmpFiles\gpio.tmp_save
2022-10-15 17:47:54,504 [INFO] CodeEngine:257 - Generated code: D:\Lab2Official\Lab2\MXTmpFiles\gpio.tmp
2022-10-15 17:47:54,842 [INFO] CodeEngine:239 - oldGeneratedFile, D:\Lab2Official\Lab2\Core\Src\stm32f1xx_it.c_save
2022-10-15 17:47:55,063 [INFO] CodeEngine:257 - Generated code: D:\Lab2Official\Lab2\Core\Src\stm32f1xx_it.c
2022-10-15 17:47:55,066 [INFO] CodeEngine:239 - oldGeneratedFile, D:\Lab2Official\Lab2\Core\Inc\stm32f1xx_it.h_save
2022-10-15 17:47:55,213 [INFO] CodeEngine:257 - Generated code: D:\Lab2Official\Lab2\Core\Inc\stm32f1xx_it.h
2022-10-15 17:47:55,226 [INFO] CodeEngine:239 - oldGeneratedFile, D:\Lab2Official\Lab2\Core\Src\stm32f1xx_hal_msp.c_save
2022-10-15 17:47:55,476 [INFO] CodeEngine:257 - Generated code: D:\Lab2Official\Lab2\Core\Src\stm32f1xx_hal_msp.c
2022-10-15 17:47:55,481 [INFO] CodeEngine:239 - oldGeneratedFile, D:\Lab2Official\Lab2\MXTmpFiles\system.tmp_save
2022-10-15 17:47:55,559 [INFO] CodeEngine:257 - Generated code: D:\Lab2Official\Lab2\MXTmpFiles\system.tmp
2022-10-15 17:47:55,574 [INFO] CodeEngine:239 - oldGeneratedFile, D:\Lab2Official\Lab2\Core\Inc\stm32f1xx_hal_conf.h_save
2022-10-15 17:47:55,731 [INFO] CodeEngine:257 - Generated code: D:\Lab2Official\Lab2\Core\Inc\stm32f1xx_hal_conf.h
2022-10-15 17:47:55,772 [WARN] IPConfigManager:3148 - IP not found : TIM
2022-10-15 17:47:55,773 [WARN] CodeGenerator:3268 - IP not found : null
2022-10-15 17:47:55,783 [INFO] CodeEngine:239 - oldGeneratedFile, D:\Lab2Official\Lab2\Core\Inc\main.h_save
2022-10-15 17:47:55,913 [INFO] CodeEngine:257 - Generated code: D:\Lab2Official\Lab2\Core\Inc\main.h
2022-10-15 17:47:55,918 [INFO] CodeEngine:239 - oldGeneratedFile, D:\Lab2Official\Lab2\Core\Src\main.c_save
2022-10-15 17:47:56,177 [INFO] CodeEngine:257 - Generated code: D:\Lab2Official\Lab2\Core\Src\main.c
2022-10-15 17:47:58,277 [INFO] ProjectBuilder:2578 - Time for Copy HAL[1] : 432mS.
2022-10-15 17:47:58,287 [INFO] ProjectBuilder:3622 - Project Generator version: 3.14.1
2022-10-15 17:47:59,138 [INFO] ConfigFileManager:1271 - The Die is : DIE412
2022-10-15 17:47:59,194 [INFO] ApiDbMcu:468 - Load IP Config File for FATFS
2022-10-15 17:47:59,238 [INFO] ApiDbMcu:468 - Load IP Config File for FREERTOS
2022-10-15 17:47:59,291 [INFO] ApiDbMcu:468 - Load IP Config File for USB_DEVICE
2022-10-15 17:48:09,310 [INFO] ProjectBuilder:3789 - Time for Generating toolchain IDE Files: 11023mS.
2022-10-15 17:48:09,311 [INFO] ProjectBuilder:2457 - Time for Copy CMSIS : 0mS.
2022-10-15 17:48:09,313 [INFO] ProjectBuilder:2457 - Time for Copy CMSIS : 0mS.
2022-10-15 17:48:11,301 [INFO] McuFinderGlobals:52 - Set McuFinderConnectedMode to true
2022-10-15 17:48:11,310 [INFO] ApiDb:276 - Save user favorites file C:\Users\HP/.stm32cubeide/favorites.mcus.txt: 0 item(s)
2022-10-15 17:48:11,310 [INFO] ApiDb:280 - User favorites MCUs=[]
