11:40:51 **** Incremental Build of configuration Debug for project Lab2 ****
make -j4 all 
arm-none-eabi-gcc "../Core/Src/main.c" -mcpu=cortex-m3 -std=gnu11 -g3 -DDEBUG -DUSE_HAL_DRIVER -DSTM32F103x6 -c -I../Core/Inc -I../Drivers/STM32F1xx_HAL_Driver/Inc -I../Drivers/STM32F1xx_HAL_Driver/Inc/Legacy -I../Drivers/CMSIS/Device/ST/STM32F1xx/Include -I../Drivers/CMSIS/Include -O0 -ffunction-sections -fdata-sections -Wall -fstack-usage -MMD -MP -MF"Core/Src/main.d" -MT"Core/Src/main.o" --specs=nano.specs -mfloat-abi=soft -mthumb -o "Core/Src/main.o"
../Core/Src/main.c: In function 'HAL_TIM_PeriodElapsedCallback':
../Core/Src/main.c:270:3: warning: implicit declaration of function 'updateClockBuffer' [-Wimplicit-function-declaration]
  270 |   updateClockBuffer ( hour , minute ) ;
      |   ^~~~~~~~~~~~~~~~~
../Core/Src/main.c: At top level:
../Core/Src/main.c:276:6: warning: conflicting types for 'updateClockBuffer'
  276 | void updateClockBuffer(int hour, int minute){
      |      ^~~~~~~~~~~~~~~~~
../Core/Src/main.c:270:3: note: previous implicit declaration of 'updateClockBuffer' was here
  270 |   updateClockBuffer ( hour , minute ) ;
      |   ^~~~~~~~~~~~~~~~~
../Core/Src/main.c: In function 'updateClockBuffer':
../Core/Src/main.c:284:3: warning: implicit declaration of function 'update7SEG' [-Wimplicit-function-declaration]
  284 |   update7SEG(indexLed);
      |   ^~~~~~~~~~
../Core/Src/main.c: At top level:
../Core/Src/main.c:288:6: warning: conflicting types for 'update7SEG'
  288 | void update7SEG (int index){
      |      ^~~~~~~~~~
../Core/Src/main.c:284:3: note: previous implicit declaration of 'update7SEG' was here
  284 |   update7SEG(indexLed);
      |   ^~~~~~~~~~
../Core/Src/main.c: In function 'update7SEG':
../Core/Src/main.c:295:3: warning: implicit declaration of function 'display7SEG' [-Wimplicit-function-declaration]
  295 |   display7SEG(led_buffer[0]);
      |   ^~~~~~~~~~~
../Core/Src/main.c: At top level:
../Core/Src/main.c:327:6: warning: conflicting types for 'display7SEG'
  327 | void display7SEG(int counter){
      |      ^~~~~~~~~~~
../Core/Src/main.c:295:3: note: previous implicit declaration of 'display7SEG' was here
  295 |   display7SEG(led_buffer[0]);
      |   ^~~~~~~~~~~
arm-none-eabi-gcc -o "Lab2.elf" @"objects.list"   -mcpu=cortex-m3 -T"D:\Lab2Official\Lab2\STM32F103C6UX_FLASH.ld" --specs=nosys.specs -Wl,-Map="Lab2.map" -Wl,--gc-sections -static --specs=nano.specs -mfloat-abi=soft -mthumb -Wl,--start-group -lc -lm -Wl,--end-group
Finished building target: Lab2.elf
 
arm-none-eabi-size   Lab2.elf 
arm-none-eabi-objdump -h -S  Lab2.elf  > "Lab2.list"
   text	   data	    bss	    dec	    hex	filename
   8400	     40	   1672	  10112	   2780	Lab2.elf
arm-none-eabi-objcopy  -O ihex  Lab2.elf  "Lab2.hex"
arm-none-eabi-objcopy  -O binary  Lab2.elf  "Lab2.bin"
Finished building: default.size.stdout
Finished building: Lab2.list
 
Finished building: Lab2.bin
Finished building: Lab2.hex
 
 
 

11:40:58 Build Finished. 0 errors, 6 warnings. (took 6s.245ms)

